<?xml version="1.0" encoding="UTF-8"?>
<!-- Generated by org.testng.reporters.JUnitReportReporter -->
<testsuite hostname="xiaolanyun" name="com.xiaolanyun.appium.DataTest.testCase.RootAddUserAndBuyGoods.RootAddUser_001_UICheckForAddUserAndBuyGoods_Test" tests="1" failures="0" timestamp="19 Apr 2019 12:59:59 GMT" time="142.090" errors="0">
  <testcase name="rootAddUser" time="142.090" classname="com.xiaolanyun.appium.DataTest.testCase.RootAddUserAndBuyGoods.RootAddUser_001_UICheckForAddUserAndBuyGoods_Test"/>
</testsuite> <!-- com.xiaolanyun.appium.DataTest.testCase.RootAddUserAndBuyGoods.RootAddUser_001_UICheckForAddUserAndBuyGoods_Test -->
