<?xml version="1.0" encoding="UTF-8"?>
<!-- Generated by org.testng.reporters.JUnitReportReporter -->
<testsuite hostname="xiaolanyun" name="com.xiaolanyun.appium.DataTest.testCase.RootAddUserAndBuyGoods.RootAddUser_001_UICheckForAddUser_Test" tests="1" failures="0" timestamp="19 Apr 2019 09:05:08 GMT" time="142.309" errors="0">
  <testcase name="rootAddUser" time="142.309" classname="com.xiaolanyun.appium.DataTest.testCase.RootAddUserAndBuyGoods.RootAddUser_001_UICheckForAddUser_Test"/>
</testsuite> <!-- com.xiaolanyun.appium.DataTest.testCase.RootAddUserAndBuyGoods.RootAddUser_001_UICheckForAddUser_Test -->
