<?xml version="1.0" encoding="UTF-8"?>
<!-- Generated by org.testng.reporters.JUnitReportReporter -->
<testsuite hostname="xiaolanyun" name="com.xiaolanyun.appium.DataTest.testCase.RootNavigation.RootNavigationPage_001_UICheckForRootLogin_Test" tests="1" failures="0" timestamp="23 Apr 2019 09:13:18 GMT" time="25.151" errors="0">
  <testcase name="checkLoginUI" time="25.151" classname="com.xiaolanyun.appium.DataTest.testCase.RootNavigation.RootNavigationPage_001_UICheckForRootLogin_Test"/>
</testsuite> <!-- com.xiaolanyun.appium.DataTest.testCase.RootNavigation.RootNavigationPage_001_UICheckForRootLogin_Test -->
