<?xml version="1.0" encoding="UTF-8"?>
<!-- Generated by org.testng.reporters.JUnitReportReporter -->
<testsuite hostname="xiaolanyun" name="com.xiaolanyun.appium.DataTest.testCase.RootAddUserAndBuyGoods.RootAddUserPage_001_UICheckForAddUserAndBuyGoods_Test" tests="1" failures="0" timestamp="23 Apr 2019 09:24:14 GMT" time="141.257" errors="0">
  <testcase name="rootAddUser" time="141.257" classname="com.xiaolanyun.appium.DataTest.testCase.RootAddUserAndBuyGoods.RootAddUserPage_001_UICheckForAddUserAndBuyGoods_Test"/>
</testsuite> <!-- com.xiaolanyun.appium.DataTest.testCase.RootAddUserAndBuyGoods.RootAddUserPage_001_UICheckForAddUserAndBuyGoods_Test -->
