<?xml version="1.0" encoding="UTF-8"?>
<!-- Generated by org.testng.reporters.JUnitReportReporter -->
<testsuite hostname="xiaolanyun" name="com.xiaolanyun.appium.DataTest.testCase.Login.LoginPage_001_UICheckForRootLogin_Test" tests="1" failures="0" timestamp="19 Apr 2019 13:08:19 GMT" time="25.041" errors="0">
  <testcase name="checkLoginUI" time="25.041" classname="com.xiaolanyun.appium.DataTest.testCase.Login.LoginPage_001_UICheckForRootLogin_Test"/>
</testsuite> <!-- com.xiaolanyun.appium.DataTest.testCase.Login.LoginPage_001_UICheckForRootLogin_Test -->
