<?xml version="1.0" encoding="UTF-8"?>
<!-- Generated by org.testng.reporters.JUnitReportReporter -->
<testsuite hostname="xiaolanyun" name="com.xiaolanyun.appium.DataTest.testCase.RootAddUser.RootAddUser_001_UICheckForAddUser_Test" tests="1" failures="0" timestamp="17 Apr 2019 05:43:51 GMT" time="141.715" errors="0">
  <testcase name="rootAddUser" time="141.715" classname="com.xiaolanyun.appium.DataTest.testCase.RootAddUser.RootAddUser_001_UICheckForAddUser_Test"/>
</testsuite> <!-- com.xiaolanyun.appium.DataTest.testCase.RootAddUser.RootAddUser_001_UICheckForAddUser_Test -->
