<?xml version="1.0" encoding="UTF-8"?>
<!-- Generated by org.testng.reporters.JUnitReportReporter -->
<testsuite hostname="xiaolanyun" name="com.xiaolanyun.appium.DataTest.testCase.RootAddUserAndBuyGoods.RootAddUser_001_UICheckForAddUser_Test" tests="1" failures="0" timestamp="18 Apr 2019 11:23:29 GMT" time="141.393" errors="0">
  <testcase name="rootAddUser" time="141.393" classname="com.xiaolanyun.appium.DataTest.testCase.RootAddUserAndBuyGoods.RootAddUser_001_UICheckForAddUser_Test"/>
</testsuite> <!-- com.xiaolanyun.appium.DataTest.testCase.RootAddUserAndBuyGoods.RootAddUser_001_UICheckForAddUser_Test -->
