<?xml version="1.0" encoding="UTF-8"?>
<!-- Generated by org.testng.reporters.JUnitReportReporter -->
<testsuite hostname="xiaolanyun" name="com.xiaolanyun.appium.DataTest.testCase.RootAddUser.RootAddUser_001_Test" tests="1" failures="0" timestamp="17 Apr 2019 01:43:33 GMT" time="55.499" errors="1">
  <testcase name="rootAddUser" time="55.499" classname="com.xiaolanyun.appium.DataTest.testCase.RootAddUser.RootAddUser_001_Test">
    <error type="org.openqa.selenium.NoSuchElementException" message="An element could not be located on the page using the given search parameters. (WARNING: The server did not provide any stacktrace information)
Command duration or timeout: 15.43 seconds
For documentation on this error, please visit: http://seleniumhq.org/exceptions/no_such_element.html
Build info: version: &#039;2.53.0&#039;, revision: &#039;35ae25b1534ae328c771e0856c93e187490ca824&#039;, time: &#039;2016-03-15 10:43:46&#039;
System info: host: &#039;xiaolanyun&#039;, ip: &#039;192.168.222.1&#039;, os.name: &#039;Windows 8.1&#039;, os.arch: &#039;amd64&#039;, os.version: &#039;6.3&#039;, java.version: &#039;1.7.0_80&#039;
*** Element info: {Using=id, value=com.example.xiaolanyun.ldmart:id/btn_add_user}
Session ID: a0e87958-b09d-42b0-aacd-284f2dac03cb
Driver info: io.appium.java_client.android.AndroidDriver
Capabilities [{automationName=Appium, platform=LINUX, app=E:\java_workspace\DevOps_AppiumTest\res\app\android\XiaoLanYunMart-v1.1.1-debug-2019-04-10-09-58.apk, javascriptEnabled=true, appActivity=com.example.xiaolanyun.mart.ui.SplashActivity, deviceModel=ZUK Z2131, networkConnectionEnabled=true, sessionOverride=true, desired={automationName=Appium, app=E:\java_workspace\DevOps_AppiumTest\res\app\android\XiaoLanYunMart-v1.1.1-debug-2019-04-10-09-58.apk, platformVersion=6.0.1, deviceName=63a7b810, platformName=Android, appActivity=com.example.xiaolanyun.mart.ui.SplashActivity, unicodeKeyboard=true, sessionOverride=true, resetKeyboard=true, appPackage=com.example.xiaolanyun.ldmart}, locationContextEnabled=false, deviceUDID=63a7b810, appPackage=com.example.xiaolanyun.ldmart, platformVersion=6.0.1, databaseEnabled=false, deviceScreenSize=1080x1920, deviceName=63a7b810, platformName=Android, deviceManufacturer=ZUK, webStorageEnabled=false, unicodeKeyboard=true, resetKeyboard=true, warnings={}, takesScreenshot=true}]">
      <![CDATA[org.openqa.selenium.NoSuchElementException: An element could not be located on the page using the given search parameters. (WARNING: The server did not provide any stacktrace information)
Command duration or timeout: 15.43 seconds
For documentation on this error, please visit: http://seleniumhq.org/exceptions/no_such_element.html
Build info: version: '2.53.0', revision: '35ae25b1534ae328c771e0856c93e187490ca824', time: '2016-03-15 10:43:46'
System info: host: 'xiaolanyun', ip: '192.168.222.1', os.name: 'Windows 8.1', os.arch: 'amd64', os.version: '6.3', java.version: '1.7.0_80'
*** Element info: {Using=id, value=com.example.xiaolanyun.ldmart:id/btn_add_user}
Session ID: a0e87958-b09d-42b0-aacd-284f2dac03cb
Driver info: io.appium.java_client.android.AndroidDriver
Capabilities [{automationName=Appium, platform=LINUX, app=E:\java_workspace\DevOps_AppiumTest\res\app\android\XiaoLanYunMart-v1.1.1-debug-2019-04-10-09-58.apk, javascriptEnabled=true, appActivity=com.example.xiaolanyun.mart.ui.SplashActivity, deviceModel=ZUK Z2131, networkConnectionEnabled=true, sessionOverride=true, desired={automationName=Appium, app=E:\java_workspace\DevOps_AppiumTest\res\app\android\XiaoLanYunMart-v1.1.1-debug-2019-04-10-09-58.apk, platformVersion=6.0.1, deviceName=63a7b810, platformName=Android, appActivity=com.example.xiaolanyun.mart.ui.SplashActivity, unicodeKeyboard=true, sessionOverride=true, resetKeyboard=true, appPackage=com.example.xiaolanyun.ldmart}, locationContextEnabled=false, deviceUDID=63a7b810, appPackage=com.example.xiaolanyun.ldmart, platformVersion=6.0.1, databaseEnabled=false, deviceScreenSize=1080x1920, deviceName=63a7b810, platformName=Android, deviceManufacturer=ZUK, webStorageEnabled=false, unicodeKeyboard=true, resetKeyboard=true, warnings={}, takesScreenshot=true}]
	at sun.reflect.NativeConstructorAccessorImpl.newInstance0(Native Method)
	at sun.reflect.NativeConstructorAccessorImpl.newInstance(NativeConstructorAccessorImpl.java:57)
	at sun.reflect.DelegatingConstructorAccessorImpl.newInstance(DelegatingConstructorAccessorImpl.java:45)
	at java.lang.reflect.Constructor.newInstance(Constructor.java:526)
	at org.openqa.selenium.remote.ErrorHandler.createThrowable(ErrorHandler.java:206)
	at org.openqa.selenium.remote.ErrorHandler.throwIfResponseFailed(ErrorHandler.java:158)
	at org.openqa.selenium.remote.RemoteWebDriver.execute(RemoteWebDriver.java:678)
	at io.appium.java_client.DefaultGenericMobileDriver.execute(DefaultGenericMobileDriver.java:42)
	at io.appium.java_client.AppiumDriver.execute(AppiumDriver.java:1)
	at io.appium.java_client.android.AndroidDriver.execute(AndroidDriver.java:1)
	at org.openqa.selenium.remote.RemoteWebDriver.findElement(RemoteWebDriver.java:363)
	at org.openqa.selenium.remote.RemoteWebDriver.findElementById(RemoteWebDriver.java:413)
	at io.appium.java_client.DefaultGenericMobileDriver.findElementById(DefaultGenericMobileDriver.java:62)
	at io.appium.java_client.AppiumDriver.findElementById(AppiumDriver.java:1)
	at io.appium.java_client.android.AndroidDriver.findElementById(AndroidDriver.java:1)
	at org.openqa.selenium.By$ById.findElement(By.java:218)
	at org.openqa.selenium.remote.RemoteWebDriver.findElement(RemoteWebDriver.java:355)
	at io.appium.java_client.DefaultGenericMobileDriver.findElement(DefaultGenericMobileDriver.java:52)
	at io.appium.java_client.AppiumDriver.findElement(AppiumDriver.java:1)
	at io.appium.java_client.android.AndroidDriver.findElement(AndroidDriver.java:1)
	at com.xiaolanyun.appium.DataTest.utils.AppiumUtil.findElement(AppiumUtil.java:92)
	at com.xiaolanyun.appium.DataTest.utils.AppiumUtil.getText(AppiumUtil.java:227)
	at com.xiaolanyun.appium.DataTest.pagesHelper.Mart_RootManagePageHelper.clickAddUserInfo(Mart_RootManagePageHelper.java:31)
	at com.xiaolanyun.appium.DataTest.testCase.RootAddUser.RootAddUser_001_Test.rootAddUser(RootAddUser_001_Test.java:33)
	at sun.reflect.NativeMethodAccessorImpl.invoke0(Native Method)
	at sun.reflect.NativeMethodAccessorImpl.invoke(NativeMethodAccessorImpl.java:57)
	at sun.reflect.DelegatingMethodAccessorImpl.invoke(DelegatingMethodAccessorImpl.java:43)
	at java.lang.reflect.Method.invoke(Method.java:606)
	at org.testng.internal.MethodInvocationHelper.invokeMethod(MethodInvocationHelper.java:86)
	at org.testng.internal.Invoker.invokeMethod(Invoker.java:643)
	at org.testng.internal.Invoker.invokeTestMethod(Invoker.java:820)
	at org.testng.internal.Invoker.invokeTestMethods(Invoker.java:1128)
	at org.testng.internal.TestMethodWorker.invokeTestMethods(TestMethodWorker.java:129)
	at org.testng.internal.TestMethodWorker.run(TestMethodWorker.java:112)
	at org.testng.TestRunner.privateRun(TestRunner.java:782)
	at org.testng.TestRunner.run(TestRunner.java:632)
	at org.testng.SuiteRunner.runTest(SuiteRunner.java:366)
	at org.testng.SuiteRunner.access$000(SuiteRunner.java:39)
	at org.testng.SuiteRunner$SuiteWorker.run(SuiteRunner.java:400)
	at org.testng.internal.thread.ThreadUtil$2.call(ThreadUtil.java:64)
	at java.util.concurrent.FutureTask.run(FutureTask.java:262)
	at java.util.concurrent.ThreadPoolExecutor.runWorker(ThreadPoolExecutor.java:1145)
	at java.util.concurrent.ThreadPoolExecutor$Worker.run(ThreadPoolExecutor.java:615)
	at java.lang.Thread.run(Thread.java:745)
]]>
    </error>
  </testcase> <!-- rootAddUser -->
</testsuite> <!-- com.xiaolanyun.appium.DataTest.testCase.RootAddUser.RootAddUser_001_Test -->
