<?xml version="1.0" encoding="UTF-8"?>
<!-- Generated by org.testng.reporters.JUnitReportReporter -->
<testsuite hostname="xiaolanyun" name="com.xiaolanyun.appium.DataTest.testCase.RootNavigation.RootNavigationPage_001_UICheckForRootLogin_Test" tests="1" failures="0" timestamp="17 Apr 2019 06:00:20 GMT" time="25.304" errors="0">
  <testcase name="checkLoginUI" time="25.304" classname="com.xiaolanyun.appium.DataTest.testCase.RootNavigation.RootNavigationPage_001_UICheckForRootLogin_Test"/>
</testsuite> <!-- com.xiaolanyun.appium.DataTest.testCase.RootNavigation.RootNavigationPage_001_UICheckForRootLogin_Test -->
