<?xml version="1.0" encoding="UTF-8"?>
<!-- Generated by org.testng.reporters.JUnitReportReporter -->
<testsuite hostname="xiaolanyun" name="com.xiaolanyun.appium.DataTest.testCase.RootAddUserAndBuyGoods.RootAddUserPage_001_UICheckForAddUserAndBuyGoods_Test" tests="1" failures="0" timestamp="19 Apr 2019 13:17:40 GMT" time="141.926" errors="0">
  <testcase name="rootAddUser" time="141.926" classname="com.xiaolanyun.appium.DataTest.testCase.RootAddUserAndBuyGoods.RootAddUserPage_001_UICheckForAddUserAndBuyGoods_Test"/>
</testsuite> <!-- com.xiaolanyun.appium.DataTest.testCase.RootAddUserAndBuyGoods.RootAddUserPage_001_UICheckForAddUserAndBuyGoods_Test -->
